<?xml version="1.0" encoding="UTF-8"?>
<testsuite name="StringDrinkTest" tests="8" skipped="0" failures="0" errors="0" timestamp="2022-12-17T17:15:13" hostname="pc-13-137.customer.ask4.lan" time="0.033">
  <properties/>
  <testcase name="stringReplacer()" classname="StringDrinkTest" time="0.011"/>
  <testcase name="transformUndo()" classname="StringDrinkTest" time="0.0"/>
  <testcase name="stringDrink()" classname="StringDrinkTest" time="0.0"/>
  <testcase name="stringInverter()" classname="StringDrinkTest" time="0.002"/>
  <testcase name="transformerGroup()" classname="StringDrinkTest" time="0.002"/>
  <testcase name="transformerComposite()" classname="StringDrinkTest" time="0.0"/>
  <testcase name="stringRecipe()" classname="StringDrinkTest" time="0.001"/>
  <testcase name="stringCaseChanger()" classname="StringDrinkTest" time="0.001"/>
  <system-out><![CDATA[]]></system-out>
  <system-err><![CDATA[]]></system-err>
</testsuite>
